Picked up JAVA_TOOL_OPTIONS: -Xmx4g
WARNING: An illegal reflective access operation has occurred
WARNING: Illegal reflective access by io.netty.util.internal.ReflectionUtil (file:/home/pedroazevedo141/.cache/firebase/emulators/firebase-database-emulator-v4.11.0.jar) to field sun.nio.ch.SelectorImpl.selectedKeys
WARNING: Please consider reporting this to the maintainers of io.netty.util.internal.ReflectionUtil
WARNING: Use --illegal-access=warn to enable warnings of further illegal reflective access operations
WARNING: All illegal access operations will be denied in a future release
23:02:36.489 [NamespaceSystem-akka.actor.default-dispatcher-4] INFO akka.event.slf4j.Slf4jLogger - Slf4jLogger started
23:02:36.578 [main] INFO com.firebase.server.forge.App$ - Listening at 127.0.0.1:9000
23:02:44.320 [NamespaceSystem-akka.actor.default-dispatcher-5] INFO com.firebase.core.namespace.NamespaceActor - reu-app-2066f-default-rtdb successfully activated FBKV (SurveyIdle(0)) wait: 73ms, init: 0ms
23:02:44.356 [NamespaceSystem-blocking-namespace-operation-dispatcher-6] INFO com.firebase.core.namespace.StateManager - Namespace reu-app-2066f-default-rtdb status Active to Active
23:33:30.030 [FirebaseWorkerPool-1-3] WARN com.firebase.core.persistence.backend.dummy.EmulatorMetadataPersistence - Multiple projectIds are not recommended in single project mode. Requested 
namespace reu-app-2066f, but the emulator is configured for reu-app-2066f-default-rtdb. To 
opt-out of single project mode add/set the single_project_mode: false property in 
the firebase.json emulators config. 
23:33:30.034 [NamespaceSystem-akka.actor.default-dispatcher-10] INFO com.firebase.core.namespace.NamespaceActor - reu-app-2066f successfully activated FBKV (SurveyIdle(0)) wait: 2ms, init: 0ms
01:06:18.727 [Thread-0] INFO com.firebase.server.forge.App$ - Attempting graceful shutdown.
01:06:18.731 [NamespaceSystem-akka.actor.default-dispatcher-21] INFO com.firebase.core.namespace.Terminator$Terminator - 2 actors left to terminate: reu-app-2066f-default-rtdb, reu-app-2066f
01:06:18.733 [NamespaceSystem-akka.actor.default-dispatcher-21] INFO com.firebase.core.namespace.NamespaceActor - stopped namespace actor for reu-app-2066f-default-rtdb
01:06:18.733 [NamespaceSystem-akka.actor.default-dispatcher-31] INFO com.firebase.core.namespace.NamespaceActor - stopped namespace actor for reu-app-2066f
01:06:18.735 [Thread-0] INFO com.firebase.server.forge.App$ - Graceful shutdown complete.
